<?xml version="1.0" encoding="UTF-8"?>
<testng-results ignored="0" total="4" passed="3" failed="1" skipped="0">
  <reporter-output>
    <line>
      <![CDATA[URL: https://supervillain.herokuapp.com/v1/userVerified EndPoint Successfully]]>
    </line>
    <line>
      <![CDATA[Response From API : [{"user_id":15300,"username":"SowmyaVersion19.1","score":4000},{"user_id":15242,"username":"Sowmya5.1","score":4000},{"user_id":15246,"username":"Sowmya5.2","score":4000},{"user_id":15314,"username":"SowmyaVersion2.95","score":4000},{"user_id":15312,"username":"SowmyaVersion2.94","score":4000},{"user_id":15310,"username":"SowmyaVersion2.93","score":4000},{"user_id":15305,"username":"SowmyaVersion2.922","score":4000},{"user_id":15262,"username":"Sowmya5.3","score":4000},{"user_id":15237,"username":"Sowmya5","score":4000},{"user_id":15302,"username":"SowmyaVersion2.92","score":4000},{"user_id":15282,"username":"Sowmya5.31","score":4000},{"user_id":15301,"username":"SowmyaVersion2.9","score":4000},{"user_id":15261,"username":"Sowmya3.9","score":1000},{"user_id":15236,"username":"Sowmya3.6","score":1000},{"user_id":15241,"username":"Sowmya3.7","score":1000},{"user_id":15245,"username":"Sowmya3.8","score":1000},{"user_id":15290,"username":"","score":1000},{"user_id":15299,"username":"SowmyaVersion19","score":1000},{"user_id":15303,"username":"SowmyaVersion1.91","score":1000},{"user_id":15304,"username":"SowmyaVersion1.921","score":1000},{"user_id":15309,"username":"SowmyaVersion1.93","score":1000},{"user_id":15311,"username":"SowmyaVersion1.94","score":1000},{"user_id":15313,"username":"SowmyaVersion1.95","score":1000},{"user_id":15286,"username":"asdadaSD","score":880},{"user_id":15263,"username":"Sowmya","score":600},{"user_id":15287,"username":"svfdbfbfb","score":480},{"user_id":15274,"username":"fgbfbfgbfg","score":390},{"user_id":15292,"username":"Ig9lZ43lmE","score":100},{"user_id":15297,"username":"TR4qKCke19","score":100},{"user_id":15298,"username":"qg9datdfOW","score":100},{"user_id":15289,"username":"svdbdbdfb","score":100},{"user_id":15295,"username":"csgeaLb4CJ","score":100},{"user_id":15296,"username":"1QE55V6SSq","score":100},{"user_id":15294,"username":"Sowmyalaks1","score":1},{"user_id":15284,"username":"sdsfsvvs","score":0},{"user_id":15272,"username":"ffdsbfdbnn","score":0},{"user_id":15273,"username":"dfvsfbdfnd","score":0},{"user_id":15277,"username":"LKUMy0l48N","score":0},{"user_id":15288,"username":"ucpcmlhlE9","score":0},{"user_id":15271,"username":"LvXXcH3EOI","score":0},{"user_id":15283,"username":"NFoeQWq5LF","score":0},{"user_id":15285,"username":"aasdadas","score":0},{"user_id":15268,"username":"NRhWTcr2Jh","score":0},{"user_id":15269,"username":"LjF29yjl9h","score":0},{"user_id":15291,"username":"Sowmyalaks","score":-1}]]]>
    </line>
    <line>
      <![CDATA[URL: https://supervillain.herokuapp.com/v1/userVerified EndPoint Successfully]]>
    </line>
    <line>
      <![CDATA[Added Static Header :Content-Type=application/json Successfully]]>
    </line>
    <line>
      <![CDATA[Successfully Captured Response For POST URL: https://supervillain.herokuapp.com/v1/user And Stored In Respective Data Objects]]>
    </line>
    <line>
      <![CDATA[URL: https://supervillain.herokuapp.com/v1/userVerified EndPoint Successfully]]>
    </line>
    <line>
      <![CDATA[Added Static Header :Content-Type=application/json Successfully]]>
    </line>
    <line>
      <![CDATA[Successfully Captured Response For PUT URL: https://supervillain.herokuapp.com/v1/user And Stored In Respective Data Objects]]>
    </line>
    <line>
      <![CDATA[URL: https://supervillain.herokuapp.com/v1/userVerified EndPoint Successfully]]>
    </line>
  </reporter-output>
  <suite started-at="2021-09-03T09:11:56 AEST" name="Suite" finished-at="2021-09-03T09:12:03 AEST" duration-ms="7609">
    <groups>
    </groups>
    <test started-at="2021-09-03T09:11:56 AEST" name="Test" finished-at="2021-09-03T09:12:03 AEST" duration-ms="7609">
      <class name="com.cba.covidgame.Regression_API.CBA_API">
        <test-method is-config="true" signature="driverSetup(java.lang.String)[pri:0, instance:com.cba.covidgame.Regression_API.CBA_API@6dc17b83]" started-at="2021-09-03T09:11:56 AEST" name="driverSetup" finished-at="2021-09-03T09:11:56 AEST" duration-ms="14" status="PASS">
          <params>
            <param index="0">
              <value>
                <![CDATA[prod]]>
              </value>
            </param>
          </params>
          <reporter-output>
          </reporter-output>
        </test-method> <!-- driverSetup -->
        <test-method signature="GetUserDetailsCovidGame()[pri:0, instance:com.cba.covidgame.Regression_API.CBA_API@6dc17b83]" started-at="2021-09-03T09:11:56 AEST" name="GetUserDetailsCovidGame" finished-at="2021-09-03T09:11:59 AEST" duration-ms="2809" status="FAIL">
          <exception class="com.google.gson.JsonSyntaxException">
            <message>
              <![CDATA[java.lang.IllegalStateException: Expected BEGIN_OBJECT but was BEGIN_ARRAY at line 1 column 2 path $]]>
            </message>
            <full-stacktrace>
              <![CDATA[com.google.gson.JsonSyntaxException: java.lang.IllegalStateException: Expected BEGIN_OBJECT but was BEGIN_ARRAY at line 1 column 2 path $
at com.google.gson.internal.bind.ReflectiveTypeAdapterFactory$Adapter.read(ReflectiveTypeAdapterFactory.java:187)
at com.google.gson.Gson.fromJson(Gson.java:805)
at com.google.gson.Gson.fromJson(Gson.java:770)
at com.google.gson.Gson.fromJson(Gson.java:719)
at com.google.gson.Gson.fromJson(Gson.java:691)
at com.cba.covidgame.Regression_API.CBA_API.GetUserDetailsCovidGame(CBA_API.java:37)
at java.base/jdk.internal.reflect.NativeMethodAccessorImpl.invoke0(Native Method)
at java.base/jdk.internal.reflect.NativeMethodAccessorImpl.invoke(NativeMethodAccessorImpl.java:64)
at java.base/jdk.internal.reflect.DelegatingMethodAccessorImpl.invoke(DelegatingMethodAccessorImpl.java:43)
at java.base/java.lang.reflect.Method.invoke(Method.java:564)
at org.testng.internal.MethodInvocationHelper.invokeMethod(MethodInvocationHelper.java:133)
at org.testng.internal.TestInvoker.invokeMethod(TestInvoker.java:598)
at org.testng.internal.TestInvoker.invokeTestMethod(TestInvoker.java:173)
at org.testng.internal.MethodRunner.runInSequence(MethodRunner.java:46)
at org.testng.internal.TestInvoker$MethodInvocationAgent.invoke(TestInvoker.java:824)
at org.testng.internal.TestInvoker.invokeTestMethods(TestInvoker.java:146)
at org.testng.internal.TestMethodWorker.invokeTestMethods(TestMethodWorker.java:146)
at org.testng.internal.TestMethodWorker.run(TestMethodWorker.java:128)
at java.base/java.util.ArrayList.forEach(ArrayList.java:1511)
at org.testng.TestRunner.privateRun(TestRunner.java:794)
at org.testng.TestRunner.run(TestRunner.java:596)
at org.testng.SuiteRunner.runTest(SuiteRunner.java:377)
at org.testng.SuiteRunner.runSequentially(SuiteRunner.java:371)
at org.testng.SuiteRunner.privateRun(SuiteRunner.java:332)
at org.testng.SuiteRunner.run(SuiteRunner.java:276)
at org.testng.SuiteRunnerWorker.runSuite(SuiteRunnerWorker.java:53)
at org.testng.SuiteRunnerWorker.run(SuiteRunnerWorker.java:96)
at org.testng.TestNG.runSuitesSequentially(TestNG.java:1212)
at org.testng.TestNG.runSuitesLocally(TestNG.java:1134)
at org.testng.TestNG.runSuites(TestNG.java:1063)
at org.testng.TestNG.run(TestNG.java:1031)
at org.testng.remote.AbstractRemoteTestNG.run(AbstractRemoteTestNG.java:115)
at org.testng.remote.RemoteTestNG.initAndRun(RemoteTestNG.java:251)
at org.testng.remote.RemoteTestNG.main(RemoteTestNG.java:77)
Caused by: java.lang.IllegalStateException: Expected BEGIN_OBJECT but was BEGIN_ARRAY at line 1 column 2 path $
at com.google.gson.stream.JsonReader.beginObject(JsonReader.java:387)
at com.google.gson.internal.bind.ReflectiveTypeAdapterFactory$Adapter.read(ReflectiveTypeAdapterFactory.java:176)
... 33 more
]]>
            </full-stacktrace>
          </exception> <!-- com.google.gson.JsonSyntaxException -->
          <reporter-output>
            <line>
              <![CDATA[URL: https://supervillain.herokuapp.com/v1/userVerified EndPoint Successfully]]>
            </line>
            <line>
              <![CDATA[Response From API : [{"user_id":15300,"username":"SowmyaVersion19.1","score":4000},{"user_id":15242,"username":"Sowmya5.1","score":4000},{"user_id":15246,"username":"Sowmya5.2","score":4000},{"user_id":15314,"username":"SowmyaVersion2.95","score":4000},{"user_id":15312,"username":"SowmyaVersion2.94","score":4000},{"user_id":15310,"username":"SowmyaVersion2.93","score":4000},{"user_id":15305,"username":"SowmyaVersion2.922","score":4000},{"user_id":15262,"username":"Sowmya5.3","score":4000},{"user_id":15237,"username":"Sowmya5","score":4000},{"user_id":15302,"username":"SowmyaVersion2.92","score":4000},{"user_id":15282,"username":"Sowmya5.31","score":4000},{"user_id":15301,"username":"SowmyaVersion2.9","score":4000},{"user_id":15261,"username":"Sowmya3.9","score":1000},{"user_id":15236,"username":"Sowmya3.6","score":1000},{"user_id":15241,"username":"Sowmya3.7","score":1000},{"user_id":15245,"username":"Sowmya3.8","score":1000},{"user_id":15290,"username":"","score":1000},{"user_id":15299,"username":"SowmyaVersion19","score":1000},{"user_id":15303,"username":"SowmyaVersion1.91","score":1000},{"user_id":15304,"username":"SowmyaVersion1.921","score":1000},{"user_id":15309,"username":"SowmyaVersion1.93","score":1000},{"user_id":15311,"username":"SowmyaVersion1.94","score":1000},{"user_id":15313,"username":"SowmyaVersion1.95","score":1000},{"user_id":15286,"username":"asdadaSD","score":880},{"user_id":15263,"username":"Sowmya","score":600},{"user_id":15287,"username":"svfdbfbfb","score":480},{"user_id":15274,"username":"fgbfbfgbfg","score":390},{"user_id":15292,"username":"Ig9lZ43lmE","score":100},{"user_id":15297,"username":"TR4qKCke19","score":100},{"user_id":15298,"username":"qg9datdfOW","score":100},{"user_id":15289,"username":"svdbdbdfb","score":100},{"user_id":15295,"username":"csgeaLb4CJ","score":100},{"user_id":15296,"username":"1QE55V6SSq","score":100},{"user_id":15294,"username":"Sowmyalaks1","score":1},{"user_id":15284,"username":"sdsfsvvs","score":0},{"user_id":15272,"username":"ffdsbfdbnn","score":0},{"user_id":15273,"username":"dfvsfbdfnd","score":0},{"user_id":15277,"username":"LKUMy0l48N","score":0},{"user_id":15288,"username":"ucpcmlhlE9","score":0},{"user_id":15271,"username":"LvXXcH3EOI","score":0},{"user_id":15283,"username":"NFoeQWq5LF","score":0},{"user_id":15285,"username":"aasdadas","score":0},{"user_id":15268,"username":"NRhWTcr2Jh","score":0},{"user_id":15269,"username":"LjF29yjl9h","score":0},{"user_id":15291,"username":"Sowmyalaks","score":-1}]]]>
            </line>
          </reporter-output>
        </test-method> <!-- GetUserDetailsCovidGame -->
        <test-method signature="PostCreateUserCovidGame()[pri:0, instance:com.cba.covidgame.Regression_API.CBA_API@6dc17b83]" started-at="2021-09-03T09:11:59 AEST" name="PostCreateUserCovidGame" finished-at="2021-09-03T09:12:00 AEST" duration-ms="1182" status="PASS">
          <reporter-output>
            <line>
              <![CDATA[URL: https://supervillain.herokuapp.com/v1/userVerified EndPoint Successfully]]>
            </line>
            <line>
              <![CDATA[Added Static Header :Content-Type=application/json Successfully]]>
            </line>
            <line>
              <![CDATA[Successfully Captured Response For POST URL: https://supervillain.herokuapp.com/v1/user And Stored In Respective Data Objects]]>
            </line>
          </reporter-output>
        </test-method> <!-- PostCreateUserCovidGame -->
        <test-method signature="PutUserDetailsCovidGame()[pri:0, instance:com.cba.covidgame.Regression_API.CBA_API@6dc17b83]" started-at="2021-09-03T09:12:00 AEST" name="PutUserDetailsCovidGame" finished-at="2021-09-03T09:12:02 AEST" duration-ms="2607" status="PASS">
          <reporter-output>
            <line>
              <![CDATA[URL: https://supervillain.herokuapp.com/v1/userVerified EndPoint Successfully]]>
            </line>
            <line>
              <![CDATA[Added Static Header :Content-Type=application/json Successfully]]>
            </line>
            <line>
              <![CDATA[Successfully Captured Response For PUT URL: https://supervillain.herokuapp.com/v1/user And Stored In Respective Data Objects]]>
            </line>
          </reporter-output>
        </test-method> <!-- PutUserDetailsCovidGame -->
        <test-method signature="DeleteUserDetailsCovidGame()[pri:0, instance:com.cba.covidgame.Regression_API.CBA_API@6dc17b83]" started-at="2021-09-03T09:12:02 AEST" name="DeleteUserDetailsCovidGame" finished-at="2021-09-03T09:12:03 AEST" duration-ms="960" status="PASS">
          <reporter-output>
            <line>
              <![CDATA[URL: https://supervillain.herokuapp.com/v1/userVerified EndPoint Successfully]]>
            </line>
          </reporter-output>
        </test-method> <!-- DeleteUserDetailsCovidGame -->
      </class> <!-- com.cba.covidgame.Regression_API.CBA_API -->
    </test> <!-- Test -->
  </suite> <!-- Suite -->
</testng-results>
