<?xml version="1.0" encoding="UTF-8"?>
<!-- Generated by org.testng.reporters.JUnitXMLReporter -->
<testsuite ignored="0" hostname="DESKTOP-IG85RVT" failures="1" tests="4" name="Test" time="7.609" errors="0" timestamp="2021-09-03T09:12:03 AEST">
  <testcase classname="com.cba.covidgame.Regression_API.CBA_API" name="GetUserDetailsCovidGame" time="2.809">
    <failure type="com.google.gson.JsonSyntaxException" message="java.lang.IllegalStateException: Expected BEGIN_OBJECT but was BEGIN_ARRAY at line 1 column 2 path $">
      <![CDATA[com.google.gson.JsonSyntaxException: java.lang.IllegalStateException: Expected BEGIN_OBJECT but was BEGIN_ARRAY at line 1 column 2 path $
at com.google.gson.internal.bind.ReflectiveTypeAdapterFactory$Adapter.read(ReflectiveTypeAdapterFactory.java:187)
at com.google.gson.Gson.fromJson(Gson.java:805)
at com.google.gson.Gson.fromJson(Gson.java:770)
at com.google.gson.Gson.fromJson(Gson.java:719)
at com.google.gson.Gson.fromJson(Gson.java:691)
at com.cba.covidgame.Regression_API.CBA_API.GetUserDetailsCovidGame(CBA_API.java:37)
at java.base/java.util.ArrayList.forEach(ArrayList.java:1511)
Caused by: java.lang.IllegalStateException: Expected BEGIN_OBJECT but was BEGIN_ARRAY at line 1 column 2 path $
at com.google.gson.stream.JsonReader.beginObject(JsonReader.java:387)
at com.google.gson.internal.bind.ReflectiveTypeAdapterFactory$Adapter.read(ReflectiveTypeAdapterFactory.java:176)
... 33 more
... Removed 27 stack frames]]>
    </failure>
  </testcase> <!-- GetUserDetailsCovidGame -->
  <testcase classname="com.cba.covidgame.Regression_API.CBA_API" name="PostCreateUserCovidGame" time="1.182"/>
  <testcase classname="com.cba.covidgame.Regression_API.CBA_API" name="PutUserDetailsCovidGame" time="2.607"/>
  <testcase classname="com.cba.covidgame.Regression_API.CBA_API" name="DeleteUserDetailsCovidGame" time="0.96"/>
</testsuite> <!-- Test -->
