<?xml version="1.0" encoding="UTF-8"?>
<!-- Generated by org.testng.reporters.JUnitXMLReporter -->
<testsuite ignored="0" hostname="DESKTOP-IG85RVT" failures="2" tests="4" name="Test" time="5.583" errors="0" timestamp="2021-09-03T01:28:36 AEST">
  <testcase classname="com.cba.covidgame.Regression_API.CBA_API" name="GetUserDetailsCovidGame" time="2.763">
    <failure type="com.google.gson.JsonSyntaxException" message="java.lang.IllegalStateException: Expected BEGIN_OBJECT but was BEGIN_ARRAY at line 1 column 2 path $">
      <![CDATA[com.google.gson.JsonSyntaxException: java.lang.IllegalStateException: Expected BEGIN_OBJECT but was BEGIN_ARRAY at line 1 column 2 path $
at com.google.gson.internal.bind.ReflectiveTypeAdapterFactory$Adapter.read(ReflectiveTypeAdapterFactory.java:187)
at com.google.gson.Gson.fromJson(Gson.java:805)
at com.google.gson.Gson.fromJson(Gson.java:770)
at com.google.gson.Gson.fromJson(Gson.java:719)
at com.google.gson.Gson.fromJson(Gson.java:691)
at com.cba.covidgame.Regression_API.CBA_API.GetUserDetailsCovidGame(CBA_API.java:37)
at java.base/java.util.ArrayList.forEach(ArrayList.java:1511)
Caused by: java.lang.IllegalStateException: Expected BEGIN_OBJECT but was BEGIN_ARRAY at line 1 column 2 path $
at com.google.gson.stream.JsonReader.beginObject(JsonReader.java:387)
at com.google.gson.internal.bind.ReflectiveTypeAdapterFactory$Adapter.read(ReflectiveTypeAdapterFactory.java:176)
... 33 more
... Removed 27 stack frames]]>
    </failure>
  </testcase> <!-- GetUserDetailsCovidGame -->
  <testcase classname="com.cba.covidgame.Regression_API.CBA_API" name="PostCreateUserCovidGame" time="0.002">
    <failure type="java.lang.RuntimeException">
      <![CDATA[java.lang.RuntimeException
at com.cba.coivdgame.API_Regression.Library.HttpClientHelper.MyPostUrlNN(HttpClientHelper.java:455)
at com.cba.covidgame.Regression_API.CBA_API.PostCreateUserCovidGame(CBA_API.java:60)
at java.base/java.util.ArrayList.forEach(ArrayList.java:1511)
... Removed 27 stack frames]]>
    </failure>
  </testcase> <!-- PostCreateUserCovidGame -->
  <testcase classname="com.cba.covidgame.Regression_API.CBA_API" name="PutUserDetailsCovidGame" time="1.794"/>
  <testcase classname="com.cba.covidgame.Regression_API.CBA_API" name="DeleteUserDetailsCovidGame" time="0.975"/>
</testsuite> <!-- Test -->
